<?xml version="1.0" encoding="UTF-8"?>
<testng-results ignored="0" total="2" passed="2" failed="0" skipped="0">
  <reporter-output>
  </reporter-output>
  <suite started-at="2023-01-23T02:00:38 EST" name="Suite" finished-at="2023-01-23T02:00:53 EST" duration-ms="14314">
    <groups>
    </groups>
    <test started-at="2023-01-23T02:00:38 EST" name="Test" finished-at="2023-01-23T02:00:53 EST" duration-ms="14314">
      <class name="com.test.FirstTest">
        <test-method signature="TestGoogle()[pri:0, instance:com.test.FirstTest@7ff95560]" started-at="2023-01-23T02:00:38 EST" name="TestGoogle" finished-at="2023-01-23T02:00:53 EST" duration-ms="14274" status="PASS">
          <reporter-output>
          </reporter-output>
        </test-method> <!-- TestGoogle -->
        <test-method signature="TestFacebook()[pri:0, instance:com.test.FirstTest@7ff95560]" started-at="2023-01-23T02:00:38 EST" name="TestFacebook" finished-at="2023-01-23T02:00:52 EST" duration-ms="13276" status="PASS">
          <reporter-output>
          </reporter-output>
        </test-method> <!-- TestFacebook -->
      </class> <!-- com.test.FirstTest -->
    </test> <!-- Test -->
  </suite> <!-- Suite -->
</testng-results>
