<?xml version="1.0" encoding="UTF-8"?>
<testng-results ignored="1" total="2" passed="1" failed="0" skipped="0">
  <reporter-output>
  </reporter-output>
  <suite started-at="2023-01-23T01:56:48 EST" name="Default suite" finished-at="2023-01-23T01:56:58 EST" duration-ms="10646">
    <groups>
    </groups>
    <test started-at="2023-01-23T01:56:48 EST" name="Default test" finished-at="2023-01-23T01:56:58 EST" duration-ms="10646">
      <class name="com.test.FirstTest">
        <test-method signature="TestFacebook()[pri:0, instance:com.test.FirstTest@1bd4fdd]" started-at="2023-01-23T01:56:48 EST" name="TestFacebook" finished-at="2023-01-23T01:56:58 EST" duration-ms="10592" status="PASS">
          <reporter-output>
          </reporter-output>
        </test-method> <!-- TestFacebook -->
      </class> <!-- com.test.FirstTest -->
    </test> <!-- Default test -->
  </suite> <!-- Default suite -->
</testng-results>
